
========================[ Jan 4, 2014  3:42 PM ]========================
Version 2.2.26 [Sep-21-2011]
Started database file "kfold/db.fasta"
ERROR: [000.000] Could not open kfold/db.fasta


========================[ Jan 4, 2014  3:43 PM ]========================
Version 2.2.26 [Sep-21-2011]
Started database file "kfold/clean.fasta"
Formatted 2805 sequences in volume 0
SUCCESS: formatted database kfold/clean.fasta

========================[ Jan 4, 2014  3:43 PM ]========================
Version 2.2.26 [Sep-21-2011]
Started database file "kfold/clean.fasta"
Formatted 2805 sequences in volume 0
SUCCESS: formatted database kfold/clean.fasta

========================[ Jan 4, 2014  4:15 PM ]========================
Version 2.2.26 [Sep-21-2011]
Started database file "kfold/train.fasta"
Formatted 2524 sequences in volume 0
SUCCESS: formatted database kfold/train.fasta

========================[ Jan 4, 2014  4:16 PM ]========================
Version 2.2.26 [Sep-21-2011]
Started database file "kfold/train.fasta"
Formatted 2524 sequences in volume 0
SUCCESS: formatted database kfold/train.fasta

========================[ Jan 4, 2014  4:16 PM ]========================
Version 2.2.26 [Sep-21-2011]
Started database file "kfold/train.fasta"
Formatted 2524 sequences in volume 0
SUCCESS: formatted database kfold/train.fasta

========================[ Jan 4, 2014  4:16 PM ]========================
Version 2.2.26 [Sep-21-2011]
Started database file "kfold/train.fasta"
Formatted 2524 sequences in volume 0
SUCCESS: formatted database kfold/train.fasta

========================[ Jan 4, 2014  4:16 PM ]========================
Version 2.2.26 [Sep-21-2011]
Started database file "kfold/train.fasta"
Formatted 2524 sequences in volume 0
SUCCESS: formatted database kfold/train.fasta

========================[ Jan 4, 2014  4:16 PM ]========================
Version 2.2.26 [Sep-21-2011]
Started database file "kfold/train.fasta"
Formatted 2525 sequences in volume 0
SUCCESS: formatted database kfold/train.fasta

========================[ Jan 4, 2014  4:16 PM ]========================
Version 2.2.26 [Sep-21-2011]
Started database file "kfold/train.fasta"
Formatted 2524 sequences in volume 0
SUCCESS: formatted database kfold/train.fasta

========================[ Jan 4, 2014  4:16 PM ]========================
Version 2.2.26 [Sep-21-2011]
Started database file "kfold/train.fasta"
Formatted 2525 sequences in volume 0
SUCCESS: formatted database kfold/train.fasta

========================[ Jan 4, 2014  4:16 PM ]========================
Version 2.2.26 [Sep-21-2011]
Started database file "kfold/train.fasta"
Formatted 2527 sequences in volume 0
SUCCESS: formatted database kfold/train.fasta

========================[ Jan 4, 2014  4:16 PM ]========================
Version 2.2.26 [Sep-21-2011]
Started database file "kfold/train.fasta"
Formatted 2524 sequences in volume 0
SUCCESS: formatted database kfold/train.fasta

========================[ Jan 4, 2014  4:16 PM ]========================
Version 2.2.26 [Sep-21-2011]
Started database file "kfold/train.fasta"
Formatted 2524 sequences in volume 0
SUCCESS: formatted database kfold/train.fasta

========================[ Jan 4, 2014  4:16 PM ]========================
Version 2.2.26 [Sep-21-2011]
Started database file "kfold/train.fasta"
Formatted 2524 sequences in volume 0
SUCCESS: formatted database kfold/train.fasta

========================[ Jan 4, 2014  4:18 PM ]========================
Version 2.2.26 [Sep-21-2011]
Started database file "kfold/train.fasta"
Formatted 2524 sequences in volume 0
SUCCESS: formatted database kfold/train.fasta

========================[ Jan 4, 2014  4:18 PM ]========================
Version 2.2.26 [Sep-21-2011]
Started database file "kfold/train.fasta"
Formatted 2524 sequences in volume 0
SUCCESS: formatted database kfold/train.fasta

========================[ Jan 4, 2014  4:18 PM ]========================
Version 2.2.26 [Sep-21-2011]
Started database file "kfold/train.fasta"
Formatted 2524 sequences in volume 0
SUCCESS: formatted database kfold/train.fasta

========================[ Jan 4, 2014  4:18 PM ]========================
Version 2.2.26 [Sep-21-2011]
Started database file "kfold/train.fasta"
Formatted 2524 sequences in volume 0
SUCCESS: formatted database kfold/train.fasta

========================[ Jan 4, 2014  4:18 PM ]========================
Version 2.2.26 [Sep-21-2011]
Started database file "kfold/train.fasta"
Formatted 2524 sequences in volume 0
SUCCESS: formatted database kfold/train.fasta

========================[ Jan 4, 2014  4:18 PM ]========================
Version 2.2.26 [Sep-21-2011]
Started database file "kfold/train.fasta"
Formatted 2524 sequences in volume 0
SUCCESS: formatted database kfold/train.fasta

========================[ Jan 4, 2014  4:18 PM ]========================
Version 2.2.26 [Sep-21-2011]
Started database file "kfold/train.fasta"

========================[ Jan 4, 2014  4:19 PM ]========================
Version 2.2.26 [Sep-21-2011]
Started database file "kfold/train.fasta"
Formatted 2524 sequences in volume 0
SUCCESS: formatted database kfold/train.fasta

========================[ Jan 4, 2014  4:35 PM ]========================
Version 2.2.26 [Sep-21-2011]
Started database file "kfold/train.fasta"
Formatted 2524 sequences in volume 0
SUCCESS: formatted database kfold/train.fasta

========================[ Jan 4, 2014  4:36 PM ]========================
Version 2.2.26 [Sep-21-2011]
Started database file "kfold/train.fasta"
Formatted 2529 sequences in volume 0
SUCCESS: formatted database kfold/train.fasta

========================[ Jan 4, 2014  4:38 PM ]========================
Version 2.2.26 [Sep-21-2011]
Started database file "kfold/train.fasta"
Formatted 2524 sequences in volume 0
SUCCESS: formatted database kfold/train.fasta

========================[ Jan 4, 2014  4:39 PM ]========================
Version 2.2.26 [Sep-21-2011]
Started database file "kfold/train.fasta"
Formatted 2524 sequences in volume 0
SUCCESS: formatted database kfold/train.fasta

========================[ Jan 4, 2014  4:39 PM ]========================
Version 2.2.26 [Sep-21-2011]
Started database file "kfold/train.fasta"
Formatted 2528 sequences in volume 0
SUCCESS: formatted database kfold/train.fasta

========================[ Jan 4, 2014  4:40 PM ]========================
Version 2.2.26 [Sep-21-2011]
Started database file "kfold/train.fasta"
Formatted 2524 sequences in volume 0
SUCCESS: formatted database kfold/train.fasta

========================[ Jan 4, 2014  4:41 PM ]========================
Version 2.2.26 [Sep-21-2011]
Started database file "kfold/train.fasta"
Formatted 2524 sequences in volume 0
SUCCESS: formatted database kfold/train.fasta

========================[ Jan 4, 2014  4:41 PM ]========================
Version 2.2.26 [Sep-21-2011]
Started database file "kfold/train.fasta"
Formatted 2524 sequences in volume 0
SUCCESS: formatted database kfold/train.fasta

========================[ Jan 4, 2014  4:42 PM ]========================
Version 2.2.26 [Sep-21-2011]
Started database file "kfold/train.fasta"
Formatted 2524 sequences in volume 0
SUCCESS: formatted database kfold/train.fasta

========================[ Jan 4, 2014  4:42 PM ]========================
Version 2.2.26 [Sep-21-2011]
Started database file "kfold/train.fasta"
Formatted 2525 sequences in volume 0
SUCCESS: formatted database kfold/train.fasta

========================[ Jan 4, 2014  4:43 PM ]========================
Version 2.2.26 [Sep-21-2011]
Started database file "kfold/train.fasta"
Formatted 2524 sequences in volume 0
SUCCESS: formatted database kfold/train.fasta

========================[ Jan 4, 2014  4:44 PM ]========================
Version 2.2.26 [Sep-21-2011]
Started database file "kfold/train.fasta"
Formatted 2524 sequences in volume 0
SUCCESS: formatted database kfold/train.fasta

========================[ Jan 4, 2014  4:48 PM ]========================
Version 2.2.26 [Sep-21-2011]
Started database file "kfold/train.fasta"
Formatted 2524 sequences in volume 0
SUCCESS: formatted database kfold/train.fasta

========================[ Jan 4, 2014  4:49 PM ]========================
Version 2.2.26 [Sep-21-2011]
Started database file "kfold/train.fasta"
Formatted 2524 sequences in volume 0
SUCCESS: formatted database kfold/train.fasta

========================[ Jan 4, 2014  4:49 PM ]========================
Version 2.2.26 [Sep-21-2011]
Started database file "kfold/train.fasta"
Formatted 2524 sequences in volume 0
SUCCESS: formatted database kfold/train.fasta
